#
# There is insufficient memory for the Java Runtime Environment to continue.
# Native memory allocation (malloc) failed to allocate 242736 bytes for Chunk::new
# Possible reasons:
#   The system is out of physical RAM or swap space
#   The process is running with CompressedOops enabled, and the Java Heap may be blocking the growth of the native heap
# Possible solutions:
#   Reduce memory load on the system
#   Increase physical memory or swap space
#   Check if swap backing store is full
#   Decrease Java heap size (-Xmx/-Xms)
#   Decrease number of Java threads
#   Decrease Java thread stack sizes (-Xss)
#   Set larger code cache with -XX:ReservedCodeCacheSize=
#   JVM is running with Zero Based Compressed Oops mode in which the Java heap is
#     placed in the first 32GB address space. The Java Heap base address is the
#     maximum limit for the native heap growth. Please use -XX:HeapBaseMinAddress
#     to set the Java Heap base and to place the Java Heap above 32GB virtual address.
# This output file may be truncated or incomplete.
#
#  Out of Memory Error (allocation.cpp:389), pid=7248, tid=0x0000000000002930
#
# JRE version: OpenJDK Runtime Environment (8.0_202-b03) (build 1.8.0_202-release-1483-b03)
# Java VM: OpenJDK 64-Bit Server VM (25.202-b03 mixed mode windows-amd64 compressed oops)
# Failed to write core dump. Minidumps are not enabled by default on client versions of Windows
#

---------------  T H R E A D  ---------------

Current thread (0x00000000183a3800):  JavaThread "C2 CompilerThread1" daemon [_thread_in_native, id=10544, stack(0x0000000019af0000,0x0000000019bf0000)]

Stack: [0x0000000019af0000,0x0000000019bf0000]
[error occurred during error reporting (printing stack bounds), id 0xc0000005]

Native frames: (J=compiled Java code, j=interpreted, Vv=VM code, C=native code)


Current CompileTask:
C2:    902  391  s    4       sun.misc.URLClassPath::getNextLoader (88 bytes)


---------------  P R O C E S S  ---------------

Java Threads: ( => current thread )
  0x00000000183fe000 JavaThread "Service Thread" daemon [_thread_blocked, id=6304, stack(0x000000001a0f0000,0x000000001a1f0000)]
  0x00000000183bc800 JavaThread "C1 CompilerThread2" daemon [_thread_blocked, id=8268, stack(0x0000000019bf0000,0x0000000019cf0000)]
=>0x00000000183a3800 JavaThread "C2 CompilerThread1" daemon [_thread_in_native, id=10544, stack(0x0000000019af0000,0x0000000019bf0000)]
  0x00000000183a0800 JavaThread "C2 CompilerThread0" daemon [_thread_in_native, id=13264, stack(0x00000000199f0000,0x0000000019af0000)]
  0x000000001839d800 JavaThread "Attach Listener" daemon [_thread_blocked, id=9336, stack(0x00000000198f0000,0x00000000199f0000)]
  0x000000001839a800 JavaThread "Signal Dispatcher" daemon [_thread_blocked, id=12536, stack(0x00000000197f0000,0x00000000198f0000)]
  0x000000000259c000 JavaThread "Finalizer" daemon [_thread_blocked, id=7792, stack(0x00000000195f0000,0x00000000196f0000)]
  0x0000000018389000 JavaThread "Reference Handler" daemon [_thread_blocked, id=11020, stack(0x00000000194f0000,0x00000000195f0000)]
  0x00000000024a2800 JavaThread "main" [_thread_in_Java, id=12796, stack(0x0000000002330000,0x0000000002430000)]

Other Threads:
  0x0000000018367800 VMThread [stack: 0x00000000193f0000,0x00000000194f0000] [id=9872]
  0x0000000019d09000 WatcherThread [stack: 0x000000001a1f0000,0x000000001a2f0000] [id=13164]

VM state:not at safepoint (normal execution)

VM Mutex/Monitor currently owned by a thread: None

heap address: 0x0000000721e00000, size: 2530 MB, Compressed Oops mode: Zero based, Oop shift amount: 3
Narrow klass base: 0x0000000000000000, Narrow klass shift: 3
Compressed class space size: 1073741824 Address: 0x00000007c0000000

Heap:
 PSYoungGen      total 47616K, used 13939K [0x000000078b500000, 0x000000078ea00000, 0x00000007c0000000)
  eden space 40960K, 34% used [0x000000078b500000,0x000000078c29cc30,0x000000078dd00000)
  from space 6656K, 0% used [0x000000078e380000,0x000000078e380000,0x000000078ea00000)
  to   space 6656K, 0% used [0x000000078dd00000,0x000000078dd00000,0x000000078e380000)
 ParOldGen       total 109568K, used 0K [0x0000000721e00000, 0x0000000728900000, 0x000000078b500000)
  object space 109568K, 0% used [0x0000000721e00000,0x0000000721e00000,0x0000000728900000)
 Metaspace       used 5274K, capacity 5468K, committed 5632K, reserved 1056768K
  class space    used 616K, capacity 672K, committed 768K, reserved 1048576K

Card table byte_map: [0x0000000011960000,0x0000000011e60000] byte_map_base: 0x000000000e051000

Marking Bits: (ParMarkBitMap*) 0x0000000075cd9f30
 Begin Bits: [0x00000000125b0000, 0x0000000014d38000)
 End Bits:   [0x0000000014d38000, 0x00000000174c0000)

Polling page: 0x0000000000a50000

CodeCache: size=245760Kb used=1969Kb max_used=1972Kb free=243790Kb
 bounds [0x00000000025a0000, 0x0000000002810000, 0x00000000115a0000]
 total_blobs=667 nmethods=389 adapters=192
 compilation: enabled

Compilation events (10 events):
Event: 0.837 Thread 0x00000000183bc800  386       3       java.io.DataOutputStream::incCount (20 bytes)
Event: 0.837 Thread 0x00000000183bc800 nmethod 386 0x000000000278c7d0 code [0x000000000278c920, 0x000000000278cab0]
Event: 0.848 Thread 0x00000000183bc800  387  s    3       java.io.DataOutputStream::write (14 bytes)
Event: 0.849 Thread 0x00000000183bc800 nmethod 387 0x000000000278c110 code [0x000000000278c280, 0x000000000278c6a8]
Event: 0.849 Thread 0x00000000183bc800  388       3       java.io.DataOutputStream::writeShort (35 bytes)
Event: 0.849 Thread 0x00000000183bc800 nmethod 388 0x000000000278ba90 code [0x000000000278bc20, 0x000000000278bfd8]
Event: 0.854 Thread 0x00000000183bc800  389       3       java.lang.ClassNotFoundException::<init> (7 bytes)
Event: 0.854 Thread 0x00000000183bc800 nmethod 389 0x000000000278b5d0 code [0x000000000278b740, 0x000000000278b988]
Event: 0.883 Thread 0x00000000183a0800  390  s!   4       sun.misc.URLClassPath::getLoader (243 bytes)
Event: 0.883 Thread 0x00000000183a3800  391  s    4       sun.misc.URLClassPath::getNextLoader (88 bytes)

GC Heap History (0 events):
No events

Deoptimization events (0 events):
No events

Classes redefined (0 events):
No events

Internal exceptions (8 events):
Event: 0.095 Thread 0x00000000024a2800 Exception <a 'java/lang/NoSuchMethodError': Method sun.misc.Unsafe.defineClass(Ljava/lang/String;[BII)Ljava/lang/Class; name or signature does not match> (0x000000078b507cb0) thrown at [D:\src\AOSP-openjdk-cygwin\jdk8u\hotspot\src\share\vm\prims\jni.cpp, 
Event: 0.096 Thread 0x00000000024a2800 Exception <a 'java/lang/NoSuchMethodError': Method sun.misc.Unsafe.prefetchRead(Ljava/lang/Object;J)V name or signature does not match> (0x000000078b507f98) thrown at [D:\src\AOSP-openjdk-cygwin\jdk8u\hotspot\src\share\vm\prims\jni.cpp, line 4012]
Event: 0.280 Thread 0x00000000024a2800 Exception <a 'java/security/PrivilegedActionException'> (0x000000078b6ddd10) thrown at [D:\src\AOSP-openjdk-cygwin\jdk8u\hotspot\src\share\vm\prims\jvm.cpp, line 1508]
Event: 0.280 Thread 0x00000000024a2800 Exception <a 'java/security/PrivilegedActionException'> (0x000000078b6ddf20) thrown at [D:\src\AOSP-openjdk-cygwin\jdk8u\hotspot\src\share\vm\prims\jvm.cpp, line 1508]
Event: 0.281 Thread 0x00000000024a2800 Exception <a 'java/security/PrivilegedActionException'> (0x000000078b6e1b28) thrown at [D:\src\AOSP-openjdk-cygwin\jdk8u\hotspot\src\share\vm\prims\jvm.cpp, line 1508]
Event: 0.281 Thread 0x00000000024a2800 Exception <a 'java/security/PrivilegedActionException'> (0x000000078b6e1d38) thrown at [D:\src\AOSP-openjdk-cygwin\jdk8u\hotspot\src\share\vm\prims\jvm.cpp, line 1508]
Event: 0.281 Thread 0x00000000024a2800 Exception <a 'java/security/PrivilegedActionException'> (0x000000078b6e3270) thrown at [D:\src\AOSP-openjdk-cygwin\jdk8u\hotspot\src\share\vm\prims\jvm.cpp, line 1508]
Event: 0.281 Thread 0x00000000024a2800 Exception <a 'java/security/PrivilegedActionException'> (0x000000078b6e3480) thrown at [D:\src\AOSP-openjdk-cygwin\jdk8u\hotspot\src\share\vm\prims\jvm.cpp, line 1508]

Events (10 events):
Event: 0.868 loading class org/gradle/internal/service/MethodHandleBasedServiceMethodFactory
Event: 0.868 loading class org/gradle/internal/service/MethodHandleBasedServiceMethodFactory done
Event: 0.869 loading class java/lang/IllegalAccessException
Event: 0.869 loading class java/lang/IllegalAccessException done
Event: 0.869 loading class org/gradle/internal/service/ServiceMethod
Event: 0.869 loading class org/gradle/internal/service/ServiceMethod done
Event: 0.880 loading class org/gradle/internal/service/RelevantMethodsBuilder
Event: 0.880 loading class org/gradle/internal/service/RelevantMethodsBuilder done
Event: 0.883 loading class org/gradle/internal/logging/sink/OutputEventListenerManager
Event: 0.883 loading class org/gradle/internal/logging/sink/OutputEventListenerManager done


Dynamic libraries:
0x00007ff7dd2c0000 - 0x00007ff7dd2f1000 	C:\Program Files\Android\Android Studio\jre\bin\java.exe
0x00007ffc33940000 - 0x00007ffc33b30000 	C:\WINDOWS\SYSTEM32\ntdll.dll
0x00007ffc32780000 - 0x00007ffc32832000 	C:\WINDOWS\System32\KERNEL32.DLL
0x00007ffc316a0000 - 0x00007ffc31945000 	C:\WINDOWS\System32\KERNELBASE.dll
0x00007ffc2e8c0000 - 0x00007ffc2e94f000 	C:\WINDOWS\SYSTEM32\apphelp.dll
0x00007ffc32d30000 - 0x00007ffc32dd3000 	C:\WINDOWS\System32\ADVAPI32.dll
0x00007ffc33790000 - 0x00007ffc3382e000 	C:\WINDOWS\System32\msvcrt.dll
0x00007ffc321c0000 - 0x00007ffc32257000 	C:\WINDOWS\System32\sechost.dll
0x00007ffc335c0000 - 0x00007ffc336e0000 	C:\WINDOWS\System32\RPCRT4.dll
0x00007ffc33420000 - 0x00007ffc335b4000 	C:\WINDOWS\System32\USER32.dll
0x00007ffc314d0000 - 0x00007ffc314f1000 	C:\WINDOWS\System32\win32u.dll
0x00007ffc325c0000 - 0x00007ffc325e6000 	C:\WINDOWS\System32\GDI32.dll
0x00007ffc31500000 - 0x00007ffc31696000 	C:\WINDOWS\System32\gdi32full.dll
0x00007ffc31950000 - 0x00007ffc319ee000 	C:\WINDOWS\System32\msvcp_win.dll
0x00007ffc31360000 - 0x00007ffc3145a000 	C:\WINDOWS\System32\ucrtbase.dll
0x00007ffc1f230000 - 0x00007ffc1f4b4000 	C:\WINDOWS\WinSxS\amd64_microsoft.windows.common-controls_6595b64144ccf1df_6.0.18362.1198_none_9e820b57e45ad92f\COMCTL32.dll
0x00007ffc330e0000 - 0x00007ffc33415000 	C:\WINDOWS\System32\combase.dll
0x00007ffc310b0000 - 0x00007ffc31130000 	C:\WINDOWS\System32\bcryptPrimitives.dll
0x00007ffc325f0000 - 0x00007ffc3261e000 	C:\WINDOWS\System32\IMM32.DLL
0x0000000075d60000 - 0x0000000075e32000 	C:\Program Files\Android\Android Studio\jre\jre\bin\msvcr100.dll
0x0000000075510000 - 0x0000000075d56000 	C:\Program Files\Android\Android Studio\jre\jre\bin\server\jvm.dll
0x00007ffc325a0000 - 0x00007ffc325a8000 	C:\WINDOWS\System32\PSAPI.DLL
0x00007ffc284b0000 - 0x00007ffc284b9000 	C:\WINDOWS\SYSTEM32\WSOCK32.dll
0x00007ffc32cb0000 - 0x00007ffc32d1f000 	C:\WINDOWS\System32\WS2_32.dll
0x00007ffc2e650000 - 0x00007ffc2e674000 	C:\WINDOWS\SYSTEM32\WINMM.dll
0x00007ffc241f0000 - 0x00007ffc241fa000 	C:\WINDOWS\SYSTEM32\VERSION.dll
0x00007ffc2e1d0000 - 0x00007ffc2e1fd000 	C:\WINDOWS\SYSTEM32\winmmbase.dll
0x00007ffc31460000 - 0x00007ffc314aa000 	C:\WINDOWS\System32\cfgmgr32.dll
0x00007ffc25c60000 - 0x00007ffc25c6f000 	C:\Program Files\Android\Android Studio\jre\jre\bin\verify.dll
0x00007ffc0fb00000 - 0x00007ffc0fb29000 	C:\Program Files\Android\Android Studio\jre\jre\bin\java.dll
0x00007ffc22b50000 - 0x00007ffc22b66000 	C:\Program Files\Android\Android Studio\jre\jre\bin\zip.dll
0x00007ffc31a70000 - 0x00007ffc32157000 	C:\WINDOWS\System32\SHELL32.dll
0x00007ffc336e0000 - 0x00007ffc33789000 	C:\WINDOWS\System32\shcore.dll
0x00007ffc308c0000 - 0x00007ffc31041000 	C:\WINDOWS\System32\windows.storage.dll
0x00007ffc30820000 - 0x00007ffc30843000 	C:\WINDOWS\System32\profapi.dll
0x00007ffc30870000 - 0x00007ffc308ba000 	C:\WINDOWS\System32\powrprof.dll
0x00007ffc307f0000 - 0x00007ffc30800000 	C:\WINDOWS\System32\UMPDC.dll
0x00007ffc32310000 - 0x00007ffc32362000 	C:\WINDOWS\System32\shlwapi.dll
0x00007ffc30800000 - 0x00007ffc30811000 	C:\WINDOWS\System32\kernel.appcore.dll
0x00007ffc314b0000 - 0x00007ffc314c7000 	C:\WINDOWS\System32\cryptsp.dll
0x00007ffbff600000 - 0x00007ffbff61a000 	C:\Program Files\Android\Android Studio\jre\jre\bin\net.dll
0x00007ffc2ffe0000 - 0x00007ffc30047000 	C:\WINDOWS\system32\mswsock.dll
0x00007ffbfedf0000 - 0x00007ffbfee01000 	C:\Program Files\Android\Android Studio\jre\jre\bin\nio.dll

VM Arguments:
jvm_args: -Dorg.gradle.appname=gradlew 
java_command: org.gradle.wrapper.GradleWrapperMain -q -Ptarget-platform=android-arm64 -Ptarget=C:\Users\Jason\investapp\lib\main.dart -Ptrack-widget-creation=true -Pfilesystem-scheme=org-dartlang-root assembleDebug
java_class_path (initial): C:\Users\Jason\investapp\android\\gradle\wrapper\gradle-wrapper.jar
Launcher Type: SUN_STANDARD

Environment Variables:
JAVA_HOME=C:\Program Files\Android\Android Studio\jre
CLASSPATH=C:\Users\Jason\investapp\android\\gradle\wrapper\gradle-wrapper.jar
PATH=C:\Program Files (x86)\Common Files\Intel\Shared Files\cpp\bin\Intel64;C:\Windows\system32;C:\Windows;C:\Windows\System32\Wbem;C:\Windows\System32\WindowsPowerShell\v1.0\;C:\Windows\System32\OpenSSH\;C:\Users\Jason\AppData\Local\Microsoft\WindowsApps;C:\Users\Jason\AppData\Local\Programs\Microsoft VS Code\bin;C:\adb;C:\Program Files\dotnet\;C:\WINDOWS\system32;C:\WINDOWS;C:\WINDOWS\System32\Wbem;C:\WINDOWS\System32\WindowsPowerShell\v1.0\;C:\WINDOWS\System32\OpenSSH\;C:\Program Files\Dart\dart-sdk\bin;C:\Program Files\Microsoft SQL Server\130\Tools\Binn\;C:\Program Files\Microsoft SQL Server\Client SDK\ODBC\170\Tools\Binn\;C:\src\flutter\bin;C:\Program Files (x86)\Microsoft SQL Server\150\Tools\Binn\;C:\Program Files\Microsoft SQL Server\150\Tools\Binn\;C:\Program Files\Microsoft SQL Server\150\DTS\Binn\;C:\Program Files\Java\jdk-14.0.1\bin;C:\OpenSSL-Win64\bin;C:\Program Files\Git\cmd;C:\Program Files\nodejs\;C:\Program Files (x86)\ZeroTier\One\;C:\Users\Jason\.dotnet\tools;C:\Users\Jason\AppData\Local\GitHubDesktop\bin;C:\Users\Jason\AppData\Local\Android\Sdk\platform-tools;C:\Users\Jason\AppData\Roaming\npm;C:\src\flutter\bin\mingit\cmd
USERNAME=Jason
OS=Windows_NT
PROCESSOR_IDENTIFIER=Intel64 Family 6 Model 58 Stepping 9, GenuineIntel



---------------  S Y S T E M  ---------------

OS: Windows 10.0 , 64 bit Build 18362 (10.0.18362.1110)

CPU:total 4 (initial active 4) (2 cores per cpu, 2 threads per core) family 6 model 58 stepping 9, cmov, cx8, fxsr, mmx, sse, sse2, sse3, ssse3, sse4.1, sse4.2, popcnt, avx, aes, clmul, erms, ht, tsc, tscinvbit, tscinv

Memory: 4k page, physical 10362416k(2151844k free), swap 10362416k(4096k free)

vm_info: OpenJDK 64-Bit Server VM (25.202-b03) for windows-amd64 JRE (1.8.0_202-release-1483-b03), built by "builder" with MS VC++ 10.0 (VS2010)

time: Sat Feb 20 12:31:48 2021
timezone: W. Central Africa Standard Time
elapsed time: 0 seconds (0d 0h 0m 0s)

